<?xml version="1.0" encoding="UTF-8"?>
<testng-results skipped="0" failed="0" ignored="0" total="2" passed="2">
  <reporter-output>
  </reporter-output>
  <suite name="Default suite" duration-ms="24759" started-at="2021-02-14T16:46:42Z" finished-at="2021-02-14T16:47:06Z">
    <groups>
    </groups>
    <test name="Default test" duration-ms="24759" started-at="2021-02-14T16:46:42Z" finished-at="2021-02-14T16:47:06Z">
      <class name="testCases.LoginPageTest">
        <test-method status="PASS" signature="setUp()[pri:0, instance:testCases.LoginPageTest@54c562f7]" name="setUp" is-config="true" duration-ms="5648" started-at="2021-02-14T16:46:42Z" finished-at="2021-02-14T16:46:47Z">
          <reporter-output>
          </reporter-output>
        </test-method> <!-- setUp -->
        <test-method status="PASS" signature="LoginTest()[pri:1, instance:testCases.LoginPageTest@54c562f7]" name="LoginTest" duration-ms="5278" started-at="2021-02-14T16:46:47Z" finished-at="2021-02-14T16:46:53Z">
          <reporter-output>
          </reporter-output>
        </test-method> <!-- LoginTest -->
        <test-method status="PASS" signature="tearDown()[pri:0, instance:testCases.LoginPageTest@54c562f7]" name="tearDown" is-config="true" duration-ms="880" started-at="2021-02-14T16:46:53Z" finished-at="2021-02-14T16:46:54Z">
          <reporter-output>
          </reporter-output>
        </test-method> <!-- tearDown -->
        <test-method status="PASS" signature="setUp()[pri:0, instance:testCases.LoginPageTest@54c562f7]" name="setUp" is-config="true" duration-ms="5257" started-at="2021-02-14T16:46:54Z" finished-at="2021-02-14T16:46:59Z">
          <reporter-output>
          </reporter-output>
        </test-method> <!-- setUp -->
        <test-method status="PASS" signature="loginpageTitleTest()[pri:2, instance:testCases.LoginPageTest@54c562f7]" name="loginpageTitleTest" duration-ms="6602" started-at="2021-02-14T16:46:59Z" finished-at="2021-02-14T16:47:05Z">
          <reporter-output>
          </reporter-output>
        </test-method> <!-- loginpageTitleTest -->
        <test-method status="PASS" signature="tearDown()[pri:0, instance:testCases.LoginPageTest@54c562f7]" name="tearDown" is-config="true" duration-ms="1041" started-at="2021-02-14T16:47:05Z" finished-at="2021-02-14T16:47:06Z">
          <reporter-output>
          </reporter-output>
        </test-method> <!-- tearDown -->
      </class> <!-- testCases.LoginPageTest -->
    </test> <!-- Default test -->
  </suite> <!-- Default suite -->
</testng-results>
